c:\users\mac_g\desktop\maciek\programowanie\c++\gcode generator\gcode generator\release\vc141.pdb
c:\users\mac_g\desktop\maciek\programowanie\c++\gcode generator\gcode generator\release\test_creationclass.obj
c:\users\mac_g\desktop\maciek\programowanie\c++\gcode generator\gcode generator\release\main.obj
c:\users\mac_g\desktop\maciek\programowanie\c++\gcode generator\gcode generator\release\geovector.obj
c:\users\mac_g\desktop\maciek\programowanie\c++\gcode generator\gcode generator\release\gcodegen.obj
c:\users\mac_g\desktop\maciek\programowanie\c++\gcode generator\gcode generator\release\entity.obj
c:\users\mac_g\desktop\maciek\programowanie\c++\gcode generator\gcode generator\release\creationclass.obj
c:\users\mac_g\desktop\maciek\programowanie\c++\gcode generator\gcode generator\release\dl_writer_ascii.obj
c:\users\mac_g\desktop\maciek\programowanie\c++\gcode generator\gcode generator\release\dl_dxf.obj
c:\users\mac_g\desktop\maciek\programowanie\c++\gcode generator\release\gcode generator.ipdb
c:\users\mac_g\desktop\maciek\programowanie\c++\gcode generator\release\gcode generator.iobj
c:\users\mac_g\desktop\maciek\programowanie\c++\gcode generator\release\gcode generator.exe
c:\users\mac_g\desktop\maciek\programowanie\c++\gcode generator\release\gcode generator.pdb
c:\users\mac_g\desktop\maciek\programowanie\c++\gcode generator\gcode generator\release\gcode generator.tlog\cl.command.1.tlog
c:\users\mac_g\desktop\maciek\programowanie\c++\gcode generator\gcode generator\release\gcode generator.tlog\cl.read.1.tlog
c:\users\mac_g\desktop\maciek\programowanie\c++\gcode generator\gcode generator\release\gcode generator.tlog\cl.write.1.tlog
c:\users\mac_g\desktop\maciek\programowanie\c++\gcode generator\gcode generator\release\gcode generator.tlog\gcode generator.write.1u.tlog
c:\users\mac_g\desktop\maciek\programowanie\c++\gcode generator\gcode generator\release\gcode generator.tlog\link.command.1.tlog
c:\users\mac_g\desktop\maciek\programowanie\c++\gcode generator\gcode generator\release\gcode generator.tlog\link.read.1.tlog
c:\users\mac_g\desktop\maciek\programowanie\c++\gcode generator\gcode generator\release\gcode generator.tlog\link.write.1.tlog
